# Logfile created on 2014-05-05 13:52:26 -0700 by logger.rb/44203
I, [2014-05-05T13:52:26.952948 #13872]  INFO -- : 0:  backports (3.6.0) from /Users/garrettkocher/.rvm/gems/ruby-2.1.0/specifications/backports-3.6.0.gemspec
I, [2014-05-05T13:53:10.270647 #13872]  INFO -- : 0:  ffi (1.9.3) from /Users/garrettkocher/.rvm/gems/ruby-2.1.0/specifications/ffi-1.9.3.gemspec
I, [2014-05-05T13:53:10.826189 #13872]  INFO -- : 0:  ethon (0.7.0) from /Users/garrettkocher/.rvm/gems/ruby-2.1.0/specifications/ethon-0.7.0.gemspec
I, [2014-05-05T13:53:10.826807 #13872]  INFO -- : 0:  json (1.8.1) from /Users/garrettkocher/.rvm/rubies/ruby-2.1.0/lib/ruby/gems/2.1.0/specifications/default/json-1.8.1.gemspec
I, [2014-05-05T13:53:23.747427 #13872]  INFO -- : 0:  kgio (2.9.2) from /Users/garrettkocher/.rvm/gems/ruby-2.1.0/specifications/kgio-2.9.2.gemspec
I, [2014-05-05T13:53:24.089287 #13872]  INFO -- : 0:  multi_json (1.9.3) from /Users/garrettkocher/.rvm/gems/ruby-2.1.0/specifications/multi_json-1.9.3.gemspec
I, [2014-05-05T13:53:25.235209 #13872]  INFO -- : 0:  rack (1.5.2) from /Users/garrettkocher/.rvm/gems/ruby-2.1.0/specifications/rack-1.5.2.gemspec
I, [2014-05-05T13:53:25.536564 #13872]  INFO -- : 0:  rack-protection (1.5.3) from /Users/garrettkocher/.rvm/gems/ruby-2.1.0/specifications/rack-protection-1.5.3.gemspec
I, [2014-05-05T13:53:25.839583 #13872]  INFO -- : 0:  rack-test (0.6.2) from /Users/garrettkocher/.rvm/gems/ruby-2.1.0/specifications/rack-test-0.6.2.gemspec
I, [2014-05-05T13:53:28.715888 #13872]  INFO -- : 0:  raindrops (0.13.0) from /Users/garrettkocher/.rvm/gems/ruby-2.1.0/specifications/raindrops-0.13.0.gemspec
I, [2014-05-05T13:53:29.270103 #13872]  INFO -- : 0:  tilt (1.4.1) from /Users/garrettkocher/.rvm/gems/ruby-2.1.0/specifications/tilt-1.4.1.gemspec
I, [2014-05-05T13:53:29.947550 #13872]  INFO -- : 0:  sinatra (1.4.5) from /Users/garrettkocher/.rvm/gems/ruby-2.1.0/specifications/sinatra-1.4.5.gemspec
I, [2014-05-05T13:53:30.737128 #13872]  INFO -- : 0:  sinatra-base (1.4.0) from /Users/garrettkocher/.rvm/gems/ruby-2.1.0/specifications/sinatra-base-1.4.0.gemspec
I, [2014-05-05T13:53:31.178919 #13872]  INFO -- : 0:  sinatra-contrib (1.4.2) from /Users/garrettkocher/.rvm/gems/ruby-2.1.0/specifications/sinatra-contrib-1.4.2.gemspec
I, [2014-05-05T13:53:31.608351 #13872]  INFO -- : 0:  typhoeus (0.6.8) from /Users/garrettkocher/.rvm/gems/ruby-2.1.0/specifications/typhoeus-0.6.8.gemspec
I, [2014-05-05T13:53:35.841031 #13872]  INFO -- : 0:  unicorn (4.8.2) from /Users/garrettkocher/.rvm/gems/ruby-2.1.0/specifications/unicorn-4.8.2.gemspec
I, [2014-05-05T13:53:35.852312 #13872]  INFO -- : 0:  bundler (1.5.1) from /Users/garrettkocher/.rvm/gems/ruby-2.1.0@global/specifications/bundler-1.5.1.gemspec
I, [2014-05-05T18:19:55.149478 #16496]  INFO -- : 0:  backports (3.6.0) from /Users/garrettkocher/.rvm/gems/ruby-2.1.0/specifications/backports-3.6.0.gemspec
I, [2014-05-05T18:19:55.199243 #16496]  INFO -- : 0:  ffi (1.9.3) from /Users/garrettkocher/.rvm/gems/ruby-2.1.0/specifications/ffi-1.9.3.gemspec
I, [2014-05-05T18:19:55.200028 #16496]  INFO -- : 0:  ethon (0.7.0) from /Users/garrettkocher/.rvm/gems/ruby-2.1.0/specifications/ethon-0.7.0.gemspec
I, [2014-05-05T18:19:55.200584 #16496]  INFO -- : 0:  tilt (1.4.1) from /Users/garrettkocher/.rvm/gems/ruby-2.1.0/specifications/tilt-1.4.1.gemspec
I, [2014-05-05T18:19:55.201111 #16496]  INFO -- : 0:  haml (4.0.5) from /Users/garrettkocher/.rvm/gems/ruby-2.1.0/specifications/haml-4.0.5.gemspec
I, [2014-05-05T18:19:55.201540 #16496]  INFO -- : 0:  json (1.8.1) from /Users/garrettkocher/.rvm/rubies/ruby-2.1.0/lib/ruby/gems/2.1.0/specifications/default/json-1.8.1.gemspec
I, [2014-05-05T18:19:55.201998 #16496]  INFO -- : 0:  kgio (2.9.2) from /Users/garrettkocher/.rvm/gems/ruby-2.1.0/specifications/kgio-2.9.2.gemspec
I, [2014-05-05T18:19:55.964754 #16496]  INFO -- : 0:  multi_json (1.10.0) from /Users/garrettkocher/.rvm/gems/ruby-2.1.0/specifications/multi_json-1.10.0.gemspec
I, [2014-05-05T18:19:55.965552 #16496]  INFO -- : 0:  rack (1.5.2) from /Users/garrettkocher/.rvm/gems/ruby-2.1.0/specifications/rack-1.5.2.gemspec
I, [2014-05-05T18:19:55.966083 #16496]  INFO -- : 0:  rack-protection (1.5.3) from /Users/garrettkocher/.rvm/gems/ruby-2.1.0/specifications/rack-protection-1.5.3.gemspec
I, [2014-05-05T18:19:55.966568 #16496]  INFO -- : 0:  rack-test (0.6.2) from /Users/garrettkocher/.rvm/gems/ruby-2.1.0/specifications/rack-test-0.6.2.gemspec
I, [2014-05-05T18:19:55.966978 #16496]  INFO -- : 0:  raindrops (0.13.0) from /Users/garrettkocher/.rvm/gems/ruby-2.1.0/specifications/raindrops-0.13.0.gemspec
I, [2014-05-05T18:19:55.967410 #16496]  INFO -- : 0:  sinatra (1.4.5) from /Users/garrettkocher/.rvm/gems/ruby-2.1.0/specifications/sinatra-1.4.5.gemspec
I, [2014-05-05T18:19:55.967860 #16496]  INFO -- : 0:  sinatra-base (1.4.0) from /Users/garrettkocher/.rvm/gems/ruby-2.1.0/specifications/sinatra-base-1.4.0.gemspec
I, [2014-05-05T18:19:55.968308 #16496]  INFO -- : 0:  sinatra-contrib (1.4.2) from /Users/garrettkocher/.rvm/gems/ruby-2.1.0/specifications/sinatra-contrib-1.4.2.gemspec
I, [2014-05-05T18:19:55.968745 #16496]  INFO -- : 0:  typhoeus (0.6.8) from /Users/garrettkocher/.rvm/gems/ruby-2.1.0/specifications/typhoeus-0.6.8.gemspec
I, [2014-05-05T18:19:55.969182 #16496]  INFO -- : 0:  unicorn (4.8.2) from /Users/garrettkocher/.rvm/gems/ruby-2.1.0/specifications/unicorn-4.8.2.gemspec
I, [2014-05-05T18:19:55.969606 #16496]  INFO -- : 0:  bundler (1.5.1) from /Users/garrettkocher/.rvm/gems/ruby-2.1.0@global/specifications/bundler-1.5.1.gemspec
